<?xml version="1.0" encoding="UTF-8"?>
<testng-results skipped="0" failed="0" ignored="0" total="1" passed="1">
  <reporter-output>
  </reporter-output>
  <suite name="Default suite" duration-ms="45980" started-at="2021-04-09T11:04:02Z" finished-at="2021-04-09T11:04:48Z">
    <groups>
    </groups>
    <test name="Default test" duration-ms="45980" started-at="2021-04-09T11:04:02Z" finished-at="2021-04-09T11:04:48Z">
      <class name="test.TodoistTest">
        <test-method status="PASS" signature="setup()[pri:0, instance:test.TodoistTest@36c88a32]" name="setup" is-config="true" duration-ms="8478" started-at="2021-04-09T11:04:02Z" finished-at="2021-04-09T11:04:11Z">
          <reporter-output>
          </reporter-output>
        </test-method> <!-- setup -->
        <test-method status="PASS" signature="testCreateProject()[pri:0, instance:test.TodoistTest@36c88a32]" name="testCreateProject" duration-ms="37242" started-at="2021-04-09T11:04:11Z" finished-at="2021-04-09T11:04:48Z">
          <reporter-output>
          </reporter-output>
        </test-method> <!-- testCreateProject -->
        <test-method status="PASS" signature="afterTest()[pri:0, instance:test.TodoistTest@36c88a32]" name="afterTest" is-config="true" duration-ms="247" started-at="2021-04-09T11:04:48Z" finished-at="2021-04-09T11:04:48Z">
          <reporter-output>
          </reporter-output>
        </test-method> <!-- afterTest -->
      </class> <!-- test.TodoistTest -->
    </test> <!-- Default test -->
  </suite> <!-- Default suite -->
</testng-results>
